<?xml version="1.0" encoding="UTF-8"?>
<!-- Generated by org.testng.reporters.JUnitXMLReporter -->
<testsuite ignored="0" hostname="DESKTOP-896SHKI" failures="0" tests="13" name="TestNGTest1" time="27.931" errors="0" timestamp="2023-06-07T11:54:49 EDT">
  <testcase classname="com.testCases.MakeAppointmentLogin" name="curaHealthCarelogin" time="1.317"/>
  <testcase classname="com.testCases.ReadmissionBooking" name="selectingFacility" time="0.573"/>
  <testcase classname="com.testCases.ReadmissionBooking" name="checkBoxReadmission" time="0.207"/>
  <testcase classname="com.testCases.ReadmissionBooking" name="healthProgramOptionbtn" time="0.185"/>
  <testcase classname="com.testCases.ReadmissionBooking" name="visitingDate" time="0.567"/>
  <testcase classname="com.testCases.ReadmissionBooking" name="sendComment" time="0.416"/>
  <testcase classname="com.testCases.ReadmissionBooking" name="readmissionConfirmation" time="0.405"/>
  <testcase classname="com.testCases.BookingAppointment" name="bookingAppointment" time="0.574"/>
  <testcase classname="com.testCases.BookingAppointment" name="radioButn" time="0.139"/>
  <testcase classname="com.testCases.BookingAppointment" name="selectingVisitDate" time="0.27"/>
  <testcase classname="com.testCases.BookingAppointment" name="sendComment" time="0.417"/>
  <testcase classname="com.testCases.BookingAppointment" name="bookingConfirmation" time="0.29"/>
  <testcase classname="com.testCases.InvalidDate" name="invalidDate" time="0.733"/>
</testsuite> <!-- TestNGTest1 -->
