<?xml version="1.0" encoding="UTF-8"?>
<!-- Generated by org.testng.reporters.JUnitXMLReporter -->
<testsuite ignored="0" hostname="DESKTOP-896SHKI" failures="0" tests="5" name="Default test" time="8.161" errors="0" timestamp="2023-06-09T11:57:43 EDT">
  <testcase classname="com.testCases.BookingAppointment" name="bookingAppointment" time="0.561"/>
  <testcase classname="com.testCases.BookingAppointment" name="radioButn" time="0.138"/>
  <testcase classname="com.testCases.BookingAppointment" name="selectingVisitDate" time="0.372"/>
  <testcase classname="com.testCases.BookingAppointment" name="sendComment" time="0.456"/>
  <testcase classname="com.testCases.BookingAppointment" name="bookingConfirmation" time="0.207"/>
</testsuite> <!-- Default test -->
