<?xml version="1.0" encoding="UTF-8"?>
<!-- Generated by org.testng.reporters.JUnitXMLReporter -->
<testsuite ignored="0" hostname="DESKTOP-896SHKI" failures="0" tests="13" name="TestNGTest1" time="38.283" errors="0" timestamp="2023-06-07T15:32:19 EDT">
  <testcase classname="com.testCases.MakeAppointmentLogin" name="curaHealthCarelogin" time="1.662"/>
  <testcase classname="com.testCases.ReadmissionBooking" name="selectingFacility" time="0.817"/>
  <testcase classname="com.testCases.ReadmissionBooking" name="checkBoxReadmission" time="0.157"/>
  <testcase classname="com.testCases.ReadmissionBooking" name="healthProgramOptionbtn" time="0.232"/>
  <testcase classname="com.testCases.ReadmissionBooking" name="visitingDate" time="0.632"/>
  <testcase classname="com.testCases.ReadmissionBooking" name="sendComment" time="0.458"/>
  <testcase classname="com.testCases.ReadmissionBooking" name="readmissionConfirmation" time="0.303"/>
  <testcase classname="com.testCases.BookingAppointment" name="bookingAppointment" time="0.595"/>
  <testcase classname="com.testCases.BookingAppointment" name="radioButn" time="0.131"/>
  <testcase classname="com.testCases.BookingAppointment" name="selectingVisitDate" time="0.4"/>
  <testcase classname="com.testCases.BookingAppointment" name="sendComment" time="0.487"/>
  <testcase classname="com.testCases.BookingAppointment" name="bookingConfirmation" time="0.311"/>
  <testcase classname="com.testCases.InvalidDate" name="invalidDate" time="1.452"/>
</testsuite> <!-- TestNGTest1 -->
