<?xml version="1.0" encoding="UTF-8"?>
<testng-results skipped="0" failed="0" ignored="0" total="10" passed="10">
  <reporter-output>
  </reporter-output>
  <suite name="JomboneTestSuite" duration-ms="59332" started-at="2021-11-16T19:38:46Z" finished-at="2021-11-16T19:39:45Z">
    <groups>
    </groups>
    <test name="TestNGTest1" duration-ms="59332" started-at="2021-11-16T19:38:46Z" finished-at="2021-11-16T19:39:45Z">
      <class name="com.testCases.JMB_CASignUp_009">
        <test-method status="PASS" signature="setup()[pri:0, instance:com.testCases.JMB_CASignUp_009@58651fd0]" name="setup" is-config="true" duration-ms="3597" started-at="2021-11-16T19:39:33Z" finished-at="2021-11-16T19:39:37Z">
          <reporter-output>
          </reporter-output>
        </test-method> <!-- setup -->
        <test-method status="PASS" signature="testCA_lastName_SpecialChars()[pri:0, instance:com.testCases.JMB_CASignUp_009@58651fd0]" name="testCA_lastName_SpecialChars" duration-ms="1834" started-at="2021-11-16T19:39:37Z" finished-at="2021-11-16T19:39:38Z">
          <reporter-output>
          </reporter-output>
        </test-method> <!-- testCA_lastName_SpecialChars -->
        <test-method status="PASS" signature="tearDown()[pri:0, instance:com.testCases.JMB_CASignUp_009@58651fd0]" name="tearDown" is-config="true" duration-ms="161" started-at="2021-11-16T19:39:38Z" finished-at="2021-11-16T19:39:39Z">
          <reporter-output>
          </reporter-output>
        </test-method> <!-- tearDown -->
      </class> <!-- com.testCases.JMB_CASignUp_009 -->
      <class name="com.testCases.JMB_CASignUp_008">
        <test-method status="PASS" signature="setup()[pri:0, instance:com.testCases.JMB_CASignUp_008@735b5592]" name="setup" is-config="true" duration-ms="3740" started-at="2021-11-16T19:39:27Z" finished-at="2021-11-16T19:39:31Z">
          <reporter-output>
          </reporter-output>
        </test-method> <!-- setup -->
        <test-method status="PASS" signature="testCA_lastName_chars_space()[pri:0, instance:com.testCases.JMB_CASignUp_008@735b5592]" name="testCA_lastName_chars_space" duration-ms="1740" started-at="2021-11-16T19:39:31Z" finished-at="2021-11-16T19:39:33Z">
          <reporter-output>
          </reporter-output>
        </test-method> <!-- testCA_lastName_chars_space -->
        <test-method status="PASS" signature="tearDown()[pri:0, instance:com.testCases.JMB_CASignUp_008@735b5592]" name="tearDown" is-config="true" duration-ms="231" started-at="2021-11-16T19:39:33Z" finished-at="2021-11-16T19:39:33Z">
          <reporter-output>
          </reporter-output>
        </test-method> <!-- tearDown -->
      </class> <!-- com.testCases.JMB_CASignUp_008 -->
      <class name="com.testCases.JMB_CASignUp_007">
        <test-method status="PASS" signature="setup()[pri:0, instance:com.testCases.JMB_CASignUp_007@62ee68d8]" name="setup" is-config="true" duration-ms="3624" started-at="2021-11-16T19:39:22Z" finished-at="2021-11-16T19:39:25Z">
          <reporter-output>
          </reporter-output>
        </test-method> <!-- setup -->
        <test-method status="PASS" signature="testCA_firstName_Numbers()[pri:0, instance:com.testCases.JMB_CASignUp_007@62ee68d8]" name="testCA_firstName_Numbers" duration-ms="1891" started-at="2021-11-16T19:39:25Z" finished-at="2021-11-16T19:39:27Z">
          <reporter-output>
          </reporter-output>
        </test-method> <!-- testCA_firstName_Numbers -->
        <test-method status="PASS" signature="tearDown()[pri:0, instance:com.testCases.JMB_CASignUp_007@62ee68d8]" name="tearDown" is-config="true" duration-ms="191" started-at="2021-11-16T19:39:27Z" finished-at="2021-11-16T19:39:27Z">
          <reporter-output>
          </reporter-output>
        </test-method> <!-- tearDown -->
      </class> <!-- com.testCases.JMB_CASignUp_007 -->
      <class name="com.testCases.JMB_CASignUp_006">
        <test-method status="PASS" signature="setup()[pri:0, instance:com.testCases.JMB_CASignUp_006@9629756]" name="setup" is-config="true" duration-ms="3543" started-at="2021-11-16T19:39:16Z" finished-at="2021-11-16T19:39:20Z">
          <reporter-output>
          </reporter-output>
        </test-method> <!-- setup -->
        <test-method status="PASS" signature="testCA_firstName_Longer_than_50()[pri:0, instance:com.testCases.JMB_CASignUp_006@9629756]" name="testCA_firstName_Longer_than_50" duration-ms="1731" started-at="2021-11-16T19:39:20Z" finished-at="2021-11-16T19:39:21Z">
          <reporter-output>
          </reporter-output>
        </test-method> <!-- testCA_firstName_Longer_than_50 -->
        <test-method status="PASS" signature="tearDown()[pri:0, instance:com.testCases.JMB_CASignUp_006@9629756]" name="tearDown" is-config="true" duration-ms="249" started-at="2021-11-16T19:39:21Z" finished-at="2021-11-16T19:39:22Z">
          <reporter-output>
          </reporter-output>
        </test-method> <!-- tearDown -->
      </class> <!-- com.testCases.JMB_CASignUp_006 -->
      <class name="com.testCases.JMB_CASignUp_005">
        <test-method status="PASS" signature="setup()[pri:0, instance:com.testCases.JMB_CASignUp_005@7f9a81e8]" name="setup" is-config="true" duration-ms="3513" started-at="2021-11-16T19:39:10Z" finished-at="2021-11-16T19:39:14Z">
          <reporter-output>
          </reporter-output>
        </test-method> <!-- setup -->
        <test-method status="PASS" signature="testCA_firstName_NoLonger50()[pri:0, instance:com.testCases.JMB_CASignUp_005@7f9a81e8]" name="testCA_firstName_NoLonger50" duration-ms="1960" started-at="2021-11-16T19:39:14Z" finished-at="2021-11-16T19:39:16Z">
          <reporter-output>
          </reporter-output>
        </test-method> <!-- testCA_firstName_NoLonger50 -->
        <test-method status="PASS" signature="tearDown()[pri:0, instance:com.testCases.JMB_CASignUp_005@7f9a81e8]" name="tearDown" is-config="true" duration-ms="209" started-at="2021-11-16T19:39:16Z" finished-at="2021-11-16T19:39:16Z">
          <reporter-output>
          </reporter-output>
        </test-method> <!-- tearDown -->
      </class> <!-- com.testCases.JMB_CASignUp_005 -->
      <class name="com.testCases.JMB_CASignUp_004">
        <test-method status="PASS" signature="setup()[pri:0, instance:com.testCases.JMB_CASignUp_004@51081592]" name="setup" is-config="true" duration-ms="3641" started-at="2021-11-16T19:39:05Z" finished-at="2021-11-16T19:39:08Z">
          <reporter-output>
          </reporter-output>
        </test-method> <!-- setup -->
        <test-method status="PASS" signature="testCA_firstName_Blank()[pri:0, instance:com.testCases.JMB_CASignUp_004@51081592]" name="testCA_firstName_Blank" duration-ms="1904" started-at="2021-11-16T19:39:08Z" finished-at="2021-11-16T19:39:10Z">
          <reporter-output>
          </reporter-output>
        </test-method> <!-- testCA_firstName_Blank -->
        <test-method status="PASS" signature="tearDown()[pri:0, instance:com.testCases.JMB_CASignUp_004@51081592]" name="tearDown" is-config="true" duration-ms="158" started-at="2021-11-16T19:39:10Z" finished-at="2021-11-16T19:39:10Z">
          <reporter-output>
          </reporter-output>
        </test-method> <!-- tearDown -->
      </class> <!-- com.testCases.JMB_CASignUp_004 -->
      <class name="com.testCases.JMB_CASignUp_003">
        <test-method status="PASS" signature="setup()[pri:0, instance:com.testCases.JMB_CASignUp_003@396a51ab]" name="setup" is-config="true" duration-ms="3728" started-at="2021-11-16T19:38:59Z" finished-at="2021-11-16T19:39:03Z">
          <reporter-output>
          </reporter-output>
        </test-method> <!-- setup -->
        <test-method status="PASS" signature="testCA_firstName_SpecialChars()[pri:0, instance:com.testCases.JMB_CASignUp_003@396a51ab]" name="testCA_firstName_SpecialChars" duration-ms="1805" started-at="2021-11-16T19:39:03Z" finished-at="2021-11-16T19:39:04Z">
          <reporter-output>
          </reporter-output>
        </test-method> <!-- testCA_firstName_SpecialChars -->
        <test-method status="PASS" signature="tearDown()[pri:0, instance:com.testCases.JMB_CASignUp_003@396a51ab]" name="tearDown" is-config="true" duration-ms="205" started-at="2021-11-16T19:39:04Z" finished-at="2021-11-16T19:39:05Z">
          <reporter-output>
          </reporter-output>
        </test-method> <!-- tearDown -->
      </class> <!-- com.testCases.JMB_CASignUp_003 -->
      <class name="com.testCases.JMB_CASignUp_002">
        <test-method status="PASS" signature="setup()[pri:0, instance:com.testCases.JMB_CASignUp_002@5034c75a]" name="setup" is-config="true" duration-ms="3869" started-at="2021-11-16T19:38:52Z" finished-at="2021-11-16T19:38:56Z">
          <reporter-output>
          </reporter-output>
        </test-method> <!-- setup -->
        <test-method status="PASS" signature="testCA_firstName_chars_space()[pri:0, instance:com.testCases.JMB_CASignUp_002@5034c75a]" name="testCA_firstName_chars_space" duration-ms="2449" started-at="2021-11-16T19:38:56Z" finished-at="2021-11-16T19:38:59Z">
          <reporter-output>
          </reporter-output>
        </test-method> <!-- testCA_firstName_chars_space -->
        <test-method status="PASS" signature="tearDown()[pri:0, instance:com.testCases.JMB_CASignUp_002@5034c75a]" name="tearDown" is-config="true" duration-ms="179" started-at="2021-11-16T19:38:59Z" finished-at="2021-11-16T19:38:59Z">
          <reporter-output>
          </reporter-output>
        </test-method> <!-- tearDown -->
      </class> <!-- com.testCases.JMB_CASignUp_002 -->
      <class name="com.testCases.JMB_CASignUp_001">
        <test-method status="PASS" signature="setup()[pri:0, instance:com.testCases.JMB_CASignUp_001@51efea79]" name="setup" is-config="true" duration-ms="4668" started-at="2021-11-16T19:38:46Z" finished-at="2021-11-16T19:38:51Z">
          <reporter-output>
          </reporter-output>
        </test-method> <!-- setup -->
        <test-method status="PASS" signature="testCandidateSignUpLink()[pri:0, instance:com.testCases.JMB_CASignUp_001@51efea79]" name="testCandidateSignUpLink" duration-ms="1457" started-at="2021-11-16T19:38:51Z" finished-at="2021-11-16T19:38:52Z">
          <reporter-output>
          </reporter-output>
        </test-method> <!-- testCandidateSignUpLink -->
        <test-method status="PASS" signature="tearDown()[pri:0, instance:com.testCases.JMB_CASignUp_001@51efea79]" name="tearDown" is-config="true" duration-ms="199" started-at="2021-11-16T19:38:52Z" finished-at="2021-11-16T19:38:52Z">
          <reporter-output>
          </reporter-output>
        </test-method> <!-- tearDown -->
      </class> <!-- com.testCases.JMB_CASignUp_001 -->
      <class name="com.testCases.JMB_CASignUp_010">
        <test-method status="PASS" signature="setup()[pri:0, instance:com.testCases.JMB_CASignUp_010@4520ebad]" name="setup" is-config="true" duration-ms="3730" started-at="2021-11-16T19:39:39Z" finished-at="2021-11-16T19:39:42Z">
          <reporter-output>
          </reporter-output>
        </test-method> <!-- setup -->
        <test-method status="PASS" signature="testCA_lastName_Blank()[pri:0, instance:com.testCases.JMB_CASignUp_010@4520ebad]" name="testCA_lastName_Blank" duration-ms="2726" started-at="2021-11-16T19:39:42Z" finished-at="2021-11-16T19:39:45Z">
          <reporter-output>
          </reporter-output>
        </test-method> <!-- testCA_lastName_Blank -->
        <test-method status="PASS" signature="tearDown()[pri:0, instance:com.testCases.JMB_CASignUp_010@4520ebad]" name="tearDown" is-config="true" duration-ms="191" started-at="2021-11-16T19:39:45Z" finished-at="2021-11-16T19:39:45Z">
          <reporter-output>
          </reporter-output>
        </test-method> <!-- tearDown -->
      </class> <!-- com.testCases.JMB_CASignUp_010 -->
    </test> <!-- TestNGTest1 -->
  </suite> <!-- JomboneTestSuite -->
</testng-results>
