<?xml version="1.0" encoding="UTF-8"?>
<testsuite xmlns:xsi="http://www.w3.org/2001/XMLSchema-instance" xsi:noNamespaceSchemaLocation="https://maven.apache.org/surefire/maven-surefire-plugin/xsd/surefire-test-report-3.0.xsd" version="3.0" name="TestSuite" time="60.122" tests="10" errors="0" skipped="0" failures="0">
  <properties>
[...]
</properties>
  <testcase name="testCandidateSignUpLink" classname="com.testCases.JMB_CASignUp_001" time="1.436">
    <system-out><![CDATA[DEBUG [main] (BaseClass.java:53)- Debug logging has started 
 INFO [main] (JMB_CASignUp_001.java:36)- Clicking on Look for Job
 INFO [main] (JMB_CASignUp_001.java:41)- Clicking on Signup
 INFO [main] (JMB_CASignUp_001.java:45)- Displayed Candidate SignUp form--> Met Acceptance Criteria
]]></system-out>
    <system-err><![CDATA[Starting ChromeDriver 95.0.4638.69 (6a1600ed572fedecd573b6c2b90a22fe6392a410-refs/branch-heads/4638@{#984}) on port 36056
Only local connections are allowed.
Please see https://chromedriver.chromium.org/security-considerations for suggestions on keeping ChromeDriver safe.
ChromeDriver was started successfully.
Nov 16, 2021 2:38:49 PM org.openqa.selenium.remote.ProtocolHandshake createSession
INFO: Detected dialect: W3C
]]></system-err>
  </testcase>
  <testcase name="testCA_firstName_chars_space" classname="com.testCases.JMB_CASignUp_002" time="2.437">
    <system-out><![CDATA[DEBUG [main] (BaseClass.java:53)- Debug logging has started 
 INFO [main] (JMB_CASignUp_002.java:23)- Clicking on Look for Job
 INFO [main] (JMB_CASignUp_002.java:25)- Clicking on Signup
 INFO [main] (JMB_CASignUp_002.java:29)- Entered First Name Saranya Jeyakanth
 INFO [main] (CA_SignUpPage.java:98)- No-Error Msg displayed--> Met Acceptance Criteria
 INFO [main] (CA_SignUpPage.java:99)- Test Case Validation Successfull--> First Name with Characters and Space
]]></system-out>
    <system-err><![CDATA[Starting ChromeDriver 95.0.4638.69 (6a1600ed572fedecd573b6c2b90a22fe6392a410-refs/branch-heads/4638@{#984}) on port 44141
Only local connections are allowed.
Please see https://chromedriver.chromium.org/security-considerations for suggestions on keeping ChromeDriver safe.
ChromeDriver was started successfully.
Nov 16, 2021 2:38:54 PM org.openqa.selenium.remote.ProtocolHandshake createSession
INFO: Detected dialect: W3C
]]></system-err>
  </testcase>
  <testcase name="testCA_firstName_SpecialChars" classname="com.testCases.JMB_CASignUp_003" time="1.793">
    <system-out><![CDATA[DEBUG [main] (BaseClass.java:53)- Debug logging has started 
 INFO [main] (JMB_CASignUp_003.java:19)- Clicking on Look for Job
 INFO [main] (JMB_CASignUp_003.java:21)- Clicking on Signup
 INFO [main] (JMB_CASignUp_003.java:25)- Entered First Name !@#$%^&
 INFO [main] (CA_SignUpPage.java:115)- Please enter valid first name
 INFO [main] (CA_SignUpPage.java:116)- Displayed error message for Special characters-->Met Acceptance Criteria
 INFO [main] (CA_SignUpPage.java:117)- Test Case Validation Successfull-->Special Characters in First Name
]]></system-out>
    <system-err><![CDATA[Starting ChromeDriver 95.0.4638.69 (6a1600ed572fedecd573b6c2b90a22fe6392a410-refs/branch-heads/4638@{#984}) on port 48362
Only local connections are allowed.
Please see https://chromedriver.chromium.org/security-considerations for suggestions on keeping ChromeDriver safe.
ChromeDriver was started successfully.
Nov 16, 2021 2:39:01 PM org.openqa.selenium.remote.ProtocolHandshake createSession
INFO: Detected dialect: W3C
]]></system-err>
  </testcase>
  <testcase name="testCA_firstName_Blank" classname="com.testCases.JMB_CASignUp_004" time="1.889">
    <system-out><![CDATA[DEBUG [main] (BaseClass.java:53)- Debug logging has started 
 INFO [main] (JMB_CASignUp_004.java:18)- Clicking on Look for Job
 INFO [main] (JMB_CASignUp_004.java:20)- Clicking on Signup
 INFO [main] (JMB_CASignUp_004.java:23)- Entered First Name 
 INFO [main] (CA_SignUpPage.java:140)- Please enter first name
 INFO [main] (CA_SignUpPage.java:141)- Displayed error message for leaving First name empty-->Met Acceptance Criteria
 INFO [main] (CA_SignUpPage.java:142)- Test Case Validation Successfull-->Blank in First Name
]]></system-out>
    <system-err><![CDATA[Starting ChromeDriver 95.0.4638.69 (6a1600ed572fedecd573b6c2b90a22fe6392a410-refs/branch-heads/4638@{#984}) on port 27429
Only local connections are allowed.
Please see https://chromedriver.chromium.org/security-considerations for suggestions on keeping ChromeDriver safe.
ChromeDriver was started successfully.
Nov 16, 2021 2:39:06 PM org.openqa.selenium.remote.ProtocolHandshake createSession
INFO: Detected dialect: W3C
]]></system-err>
  </testcase>
  <testcase name="testCA_firstName_NoLonger50" classname="com.testCases.JMB_CASignUp_005" time="1.945">
    <system-out><![CDATA[DEBUG [main] (BaseClass.java:53)- Debug logging has started 
 INFO [main] (JMB_CASignUp_005.java:18)- Clicking on Look for Job
 INFO [main] (JMB_CASignUp_005.java:20)- Clicking on Signup
 INFO [main] (JMB_CASignUp_005.java:24)- Entered First Name: Mary had a Little Lamb
 INFO [main] (CA_SignUpPage.java:263)- First name No Longer than 50 chars, size= 22
 INFO [main] (CA_SignUpPage.java:264)- No Error Msg displayed-->Met Acceptance Criteria
]]></system-out>
    <system-err><![CDATA[Starting ChromeDriver 95.0.4638.69 (6a1600ed572fedecd573b6c2b90a22fe6392a410-refs/branch-heads/4638@{#984}) on port 24644
Only local connections are allowed.
Please see https://chromedriver.chromium.org/security-considerations for suggestions on keeping ChromeDriver safe.
ChromeDriver was started successfully.
Nov 16, 2021 2:39:12 PM org.openqa.selenium.remote.ProtocolHandshake createSession
INFO: Detected dialect: W3C
]]></system-err>
  </testcase>
  <testcase name="testCA_firstName_Longer_than_50" classname="com.testCases.JMB_CASignUp_006" time="1.727">
    <system-out><![CDATA[DEBUG [main] (BaseClass.java:53)- Debug logging has started 
 INFO [main] (JMB_CASignUp_006.java:17)- Clicking on Look for Job
 INFO [main] (JMB_CASignUp_006.java:19)- Clicking on Signup
 INFO [main] (JMB_CASignUp_006.java:24)- Input Test data-->abcdefghijklmnopqrstuvwxyzABCDEFGHIJKLMNOPQRSTUVWXYZ
 INFO [main] (CA_SignUpPage.java:278)- First name Longer than 50 chars.. limit reached, size= 50
]]></system-out>
    <system-err><![CDATA[Starting ChromeDriver 95.0.4638.69 (6a1600ed572fedecd573b6c2b90a22fe6392a410-refs/branch-heads/4638@{#984}) on port 11834
Only local connections are allowed.
Please see https://chromedriver.chromium.org/security-considerations for suggestions on keeping ChromeDriver safe.
ChromeDriver was started successfully.
Nov 16, 2021 2:39:18 PM org.openqa.selenium.remote.ProtocolHandshake createSession
INFO: Detected dialect: W3C
]]></system-err>
  </testcase>
  <testcase name="testCA_firstName_Numbers" classname="com.testCases.JMB_CASignUp_007" time="1.886">
    <system-out><![CDATA[DEBUG [main] (BaseClass.java:53)- Debug logging has started 
 INFO [main] (JMB_CASignUp_007.java:17)- Clicking on Look for Job
 INFO [main] (JMB_CASignUp_007.java:19)- Clicking on Signup
 INFO [main] (JMB_CASignUp_007.java:22)- Entered First Name-->7872136571
 INFO [main] (CA_SignUpPage.java:162)- Error message-->Please enter valid first name
 INFO [main] (CA_SignUpPage.java:163)- Displayed error message for Numbers-->Met Acceptance Criteria
]]></system-out>
    <system-err><![CDATA[Starting ChromeDriver 95.0.4638.69 (6a1600ed572fedecd573b6c2b90a22fe6392a410-refs/branch-heads/4638@{#984}) on port 3041
Only local connections are allowed.
Please see https://chromedriver.chromium.org/security-considerations for suggestions on keeping ChromeDriver safe.
ChromeDriver was started successfully.
Nov 16, 2021 2:39:23 PM org.openqa.selenium.remote.ProtocolHandshake createSession
INFO: Detected dialect: W3C
]]></system-err>
  </testcase>
  <testcase name="testCA_lastName_chars_space" classname="com.testCases.JMB_CASignUp_008" time="1.737">
    <system-out><![CDATA[DEBUG [main] (BaseClass.java:53)- Debug logging has started 
 INFO [main] (JMB_CASignUp_008.java:17)- Clicking on Look for Job
 INFO [main] (JMB_CASignUp_008.java:19)- Clicking on Signup
 INFO [main] (JMB_CASignUp_008.java:21)- Entered Last Name Sarani Jey
 INFO [main] (CA_SignUpPage.java:195)- No-Error Msg displayed--> Met Acceptance Criteria
 INFO [main] (CA_SignUpPage.java:196)- Test Case Validation Successfull--> Last Name with Characters and Space
]]></system-out>
    <system-err><![CDATA[Starting ChromeDriver 95.0.4638.69 (6a1600ed572fedecd573b6c2b90a22fe6392a410-refs/branch-heads/4638@{#984}) on port 27984
Only local connections are allowed.
Please see https://chromedriver.chromium.org/security-considerations for suggestions on keeping ChromeDriver safe.
ChromeDriver was started successfully.
Nov 16, 2021 2:39:29 PM org.openqa.selenium.remote.ProtocolHandshake createSession
INFO: Detected dialect: W3C
]]></system-err>
  </testcase>
  <testcase name="testCA_lastName_SpecialChars" classname="com.testCases.JMB_CASignUp_009" time="1.831">
    <system-out><![CDATA[DEBUG [main] (BaseClass.java:53)- Debug logging has started 
 INFO [main] (JMB_CASignUp_009.java:18)- Clicking on Look for Job
 INFO [main] (JMB_CASignUp_009.java:20)- Clicking on Signup
 INFO [main] (JMB_CASignUp_009.java:22)- Entered Last Name !@#$%^&
 INFO [main] (CA_SignUpPage.java:212)- Please enter valid last name
 INFO [main] (CA_SignUpPage.java:213)- Displayed error message for Special characters-->Met Acceptance Criteria
 INFO [main] (CA_SignUpPage.java:214)- Test Case Validation Successfull-->Special Characters in Last Name
]]></system-out>
    <system-err><![CDATA[Starting ChromeDriver 95.0.4638.69 (6a1600ed572fedecd573b6c2b90a22fe6392a410-refs/branch-heads/4638@{#984}) on port 44191
Only local connections are allowed.
Please see https://chromedriver.chromium.org/security-considerations for suggestions on keeping ChromeDriver safe.
ChromeDriver was started successfully.
Nov 16, 2021 2:39:35 PM org.openqa.selenium.remote.ProtocolHandshake createSession
INFO: Detected dialect: W3C
]]></system-err>
  </testcase>
  <testcase name="testCA_lastName_Blank" classname="com.testCases.JMB_CASignUp_010" time="2.723">
    <system-out><![CDATA[DEBUG [main] (BaseClass.java:53)- Debug logging has started 
 INFO [main] (JMB_CASignUp_010.java:17)- Clicking on Look for Job
 INFO [main] (JMB_CASignUp_010.java:19)- Clicking on Signup
 INFO [main] (JMB_CASignUp_010.java:22)- Entered Last Name 
 INFO [main] (CA_SignUpPage.java:236)- Please enter last name
 INFO [main] (CA_SignUpPage.java:237)- Displayed error message for leaving Last name empty-->Met Acceptance Criteria
 INFO [main] (CA_SignUpPage.java:238)- Test Case Validation Successfull-->Blank in Last Name
]]></system-out>
    <system-err><![CDATA[Starting ChromeDriver 95.0.4638.69 (6a1600ed572fedecd573b6c2b90a22fe6392a410-refs/branch-heads/4638@{#984}) on port 42054
Only local connections are allowed.
Please see https://chromedriver.chromium.org/security-considerations for suggestions on keeping ChromeDriver safe.
ChromeDriver was started successfully.
Nov 16, 2021 2:39:40 PM org.openqa.selenium.remote.ProtocolHandshake createSession
INFO: Detected dialect: W3C
]]></system-err>
  </testcase>
</testsuite>