<?xml version="1.0" encoding="UTF-8"?>
<testng-results ignored="0" total="13" passed="13" failed="0" skipped="0">
  <reporter-output>
  </reporter-output>
  <suite started-at="2023-06-07T15:31:41 EDT" name="Curahealthcare" finished-at="2023-06-07T15:32:19 EDT" duration-ms="38283">
    <groups>
    </groups>
    <test started-at="2023-06-07T15:31:41 EDT" name="TestNGTest1" finished-at="2023-06-07T15:32:19 EDT" duration-ms="38283">
      <class name="com.testCases.ReadmissionBooking">
        <test-method is-config="true" signature="setup()[pri:0, instance:com.testCases.ReadmissionBooking@67f639d3]" started-at="2023-06-07T15:31:51 EDT" name="setup" finished-at="2023-06-07T15:31:57 EDT" duration-ms="6607" status="PASS">
          <reporter-output>
          </reporter-output>
        </test-method> <!-- setup -->
        <test-method is-config="true" signature="curaHealthcareLogin()[pri:0, instance:com.testCases.ReadmissionBooking@67f639d3]" started-at="2023-06-07T15:31:57 EDT" name="curaHealthcareLogin" finished-at="2023-06-07T15:31:59 EDT" duration-ms="1959" status="PASS">
          <reporter-output>
          </reporter-output>
        </test-method> <!-- curaHealthcareLogin -->
        <test-method signature="selectingFacility()[pri:1, instance:com.testCases.ReadmissionBooking@67f639d3]" started-at="2023-06-07T15:31:59 EDT" name="selectingFacility" finished-at="2023-06-07T15:32:00 EDT" duration-ms="817" status="PASS">
          <reporter-output>
          </reporter-output>
        </test-method> <!-- selectingFacility -->
        <test-method signature="checkBoxReadmission()[pri:2, instance:com.testCases.ReadmissionBooking@67f639d3]" started-at="2023-06-07T15:32:00 EDT" name="checkBoxReadmission" finished-at="2023-06-07T15:32:00 EDT" duration-ms="157" status="PASS">
          <reporter-output>
          </reporter-output>
        </test-method> <!-- checkBoxReadmission -->
        <test-method signature="healthProgramOptionbtn()[pri:3, instance:com.testCases.ReadmissionBooking@67f639d3]" started-at="2023-06-07T15:32:00 EDT" name="healthProgramOptionbtn" finished-at="2023-06-07T15:32:00 EDT" duration-ms="232" status="PASS">
          <reporter-output>
          </reporter-output>
        </test-method> <!-- healthProgramOptionbtn -->
        <test-method signature="visitingDate()[pri:4, instance:com.testCases.ReadmissionBooking@67f639d3]" started-at="2023-06-07T15:32:00 EDT" name="visitingDate" finished-at="2023-06-07T15:32:01 EDT" duration-ms="632" status="PASS">
          <reporter-output>
          </reporter-output>
        </test-method> <!-- visitingDate -->
        <test-method signature="sendComment()[pri:5, instance:com.testCases.ReadmissionBooking@67f639d3]" started-at="2023-06-07T15:32:01 EDT" name="sendComment" finished-at="2023-06-07T15:32:02 EDT" duration-ms="458" status="PASS">
          <reporter-output>
          </reporter-output>
        </test-method> <!-- sendComment -->
        <test-method signature="readmissionConfirmation()[pri:6, instance:com.testCases.ReadmissionBooking@67f639d3]" started-at="2023-06-07T15:32:02 EDT" name="readmissionConfirmation" finished-at="2023-06-07T15:32:02 EDT" duration-ms="303" status="PASS">
          <reporter-output>
          </reporter-output>
        </test-method> <!-- readmissionConfirmation -->
        <test-method is-config="true" signature="stopRecordings()[pri:0, instance:com.testCases.ReadmissionBooking@67f639d3]" started-at="2023-06-07T15:32:02 EDT" name="stopRecordings" finished-at="2023-06-07T15:32:02 EDT" duration-ms="144" status="PASS">
          <reporter-output>
          </reporter-output>
        </test-method> <!-- stopRecordings -->
        <test-method is-config="true" signature="tearDown()[pri:0, instance:com.testCases.ReadmissionBooking@67f639d3]" started-at="2023-06-07T15:32:02 EDT" name="tearDown" finished-at="2023-06-07T15:32:02 EDT" duration-ms="251" status="PASS">
          <reporter-output>
          </reporter-output>
        </test-method> <!-- tearDown -->
      </class> <!-- com.testCases.ReadmissionBooking -->
      <class name="com.testCases.BookingAppointment">
        <test-method is-config="true" signature="setup()[pri:0, instance:com.testCases.BookingAppointment@27462a88]" started-at="2023-06-07T15:32:02 EDT" name="setup" finished-at="2023-06-07T15:32:07 EDT" duration-ms="4316" status="PASS">
          <reporter-output>
          </reporter-output>
        </test-method> <!-- setup -->
        <test-method is-config="true" signature="curaHealthcareLogin()[pri:0, instance:com.testCases.BookingAppointment@27462a88]" started-at="2023-06-07T15:32:07 EDT" name="curaHealthcareLogin" finished-at="2023-06-07T15:32:08 EDT" duration-ms="1427" status="PASS">
          <reporter-output>
          </reporter-output>
        </test-method> <!-- curaHealthcareLogin -->
        <test-method signature="bookingAppointment()[pri:1, instance:com.testCases.BookingAppointment@27462a88]" started-at="2023-06-07T15:32:08 EDT" name="bookingAppointment" finished-at="2023-06-07T15:32:09 EDT" duration-ms="595" status="PASS">
          <reporter-output>
          </reporter-output>
        </test-method> <!-- bookingAppointment -->
        <test-method signature="radioButn()[pri:2, instance:com.testCases.BookingAppointment@27462a88]" started-at="2023-06-07T15:32:09 EDT" name="radioButn" finished-at="2023-06-07T15:32:09 EDT" duration-ms="131" status="PASS">
          <reporter-output>
          </reporter-output>
        </test-method> <!-- radioButn -->
        <test-method signature="selectingVisitDate()[pri:3, instance:com.testCases.BookingAppointment@27462a88]" started-at="2023-06-07T15:32:09 EDT" name="selectingVisitDate" finished-at="2023-06-07T15:32:09 EDT" duration-ms="400" status="PASS">
          <reporter-output>
          </reporter-output>
        </test-method> <!-- selectingVisitDate -->
        <test-method signature="sendComment()[pri:4, instance:com.testCases.BookingAppointment@27462a88]" started-at="2023-06-07T15:32:09 EDT" name="sendComment" finished-at="2023-06-07T15:32:10 EDT" duration-ms="487" status="PASS">
          <reporter-output>
          </reporter-output>
        </test-method> <!-- sendComment -->
        <test-method signature="bookingConfirmation()[pri:5, instance:com.testCases.BookingAppointment@27462a88]" started-at="2023-06-07T15:32:10 EDT" name="bookingConfirmation" finished-at="2023-06-07T15:32:10 EDT" duration-ms="311" status="PASS">
          <reporter-output>
          </reporter-output>
        </test-method> <!-- bookingConfirmation -->
        <test-method is-config="true" signature="stopRecordings()[pri:0, instance:com.testCases.BookingAppointment@27462a88]" started-at="2023-06-07T15:32:10 EDT" name="stopRecordings" finished-at="2023-06-07T15:32:10 EDT" duration-ms="97" status="PASS">
          <reporter-output>
          </reporter-output>
        </test-method> <!-- stopRecordings -->
        <test-method is-config="true" signature="tearDown()[pri:0, instance:com.testCases.BookingAppointment@27462a88]" started-at="2023-06-07T15:32:10 EDT" name="tearDown" finished-at="2023-06-07T15:32:11 EDT" duration-ms="1513" status="PASS">
          <reporter-output>
          </reporter-output>
        </test-method> <!-- tearDown -->
      </class> <!-- com.testCases.BookingAppointment -->
      <class name="com.testCases.InvalidDate">
        <test-method is-config="true" signature="setup()[pri:0, instance:com.testCases.InvalidDate@659499f1]" started-at="2023-06-07T15:32:11 EDT" name="setup" finished-at="2023-06-07T15:32:16 EDT" duration-ms="4538" status="PASS">
          <reporter-output>
          </reporter-output>
        </test-method> <!-- setup -->
        <test-method is-config="true" signature="curaHealthcareLogin()[pri:0, instance:com.testCases.InvalidDate@659499f1]" started-at="2023-06-07T15:32:16 EDT" name="curaHealthcareLogin" finished-at="2023-06-07T15:32:17 EDT" duration-ms="1428" status="PASS">
          <reporter-output>
          </reporter-output>
        </test-method> <!-- curaHealthcareLogin -->
        <test-method signature="invalidDate()[pri:0, instance:com.testCases.InvalidDate@659499f1]" started-at="2023-06-07T15:32:17 EDT" name="invalidDate" finished-at="2023-06-07T15:32:19 EDT" duration-ms="1452" status="PASS">
          <reporter-output>
          </reporter-output>
        </test-method> <!-- invalidDate -->
        <test-method is-config="true" signature="stopRecordings()[pri:0, instance:com.testCases.InvalidDate@659499f1]" started-at="2023-06-07T15:32:19 EDT" name="stopRecordings" finished-at="2023-06-07T15:32:19 EDT" duration-ms="155" status="PASS">
          <reporter-output>
          </reporter-output>
        </test-method> <!-- stopRecordings -->
        <test-method is-config="true" signature="tearDown()[pri:0, instance:com.testCases.InvalidDate@659499f1]" started-at="2023-06-07T15:32:19 EDT" name="tearDown" finished-at="2023-06-07T15:32:19 EDT" duration-ms="233" status="PASS">
          <reporter-output>
          </reporter-output>
        </test-method> <!-- tearDown -->
      </class> <!-- com.testCases.InvalidDate -->
      <class name="com.testCases.MakeAppointmentLogin">
        <test-method is-config="true" signature="setup()[pri:0, instance:com.testCases.MakeAppointmentLogin@550dbc7a]" started-at="2023-06-07T15:31:41 EDT" name="setup" finished-at="2023-06-07T15:31:48 EDT" duration-ms="6958" status="PASS">
          <reporter-output>
          </reporter-output>
        </test-method> <!-- setup -->
        <test-method is-config="true" signature="startRecording()[pri:0, instance:com.testCases.MakeAppointmentLogin@550dbc7a]" started-at="2023-06-07T15:31:48 EDT" name="startRecording" finished-at="2023-06-07T15:31:49 EDT" duration-ms="221" status="PASS">
          <reporter-output>
          </reporter-output>
        </test-method> <!-- startRecording -->
        <test-method signature="curaHealthCarelogin()[pri:0, instance:com.testCases.MakeAppointmentLogin@550dbc7a]" started-at="2023-06-07T15:31:49 EDT" name="curaHealthCarelogin" finished-at="2023-06-07T15:31:50 EDT" duration-ms="1662" status="PASS">
          <reporter-output>
          </reporter-output>
        </test-method> <!-- curaHealthCarelogin -->
        <test-method is-config="true" signature="stopRecordings()[pri:0, instance:com.testCases.MakeAppointmentLogin@550dbc7a]" started-at="2023-06-07T15:31:50 EDT" name="stopRecordings" finished-at="2023-06-07T15:31:50 EDT" duration-ms="121" status="PASS">
          <reporter-output>
          </reporter-output>
        </test-method> <!-- stopRecordings -->
        <test-method is-config="true" signature="tearDown()[pri:0, instance:com.testCases.MakeAppointmentLogin@550dbc7a]" started-at="2023-06-07T15:31:50 EDT" name="tearDown" finished-at="2023-06-07T15:31:51 EDT" duration-ms="244" status="PASS">
          <reporter-output>
          </reporter-output>
        </test-method> <!-- tearDown -->
      </class> <!-- com.testCases.MakeAppointmentLogin -->
    </test> <!-- TestNGTest1 -->
  </suite> <!-- Curahealthcare -->
</testng-results>
